<?xml version="1.0" encoding="UTF-8"?>
<testng-results skipped="0" failed="0" total="1" passed="1">
  <reporter-output>
  </reporter-output>
  <suite name="Default suite" duration-ms="10649" started-at="2020-07-01T18:32:01Z" finished-at="2020-07-01T18:32:11Z">
    <groups>
    </groups>
    <test name="Default test" duration-ms="10649" started-at="2020-07-01T18:32:01Z" finished-at="2020-07-01T18:32:11Z">
      <class name="com.testcase.Facebook_LoginTestcase">
        <test-method status="PASS" signature="setup()[pri:0, instance:com.testcase.Facebook_LoginTestcase@77caeb3e]" name="setup" is-config="true" duration-ms="8150" started-at="2020-07-01T14:32:01Z" finished-at="2020-07-01T14:32:09Z">
          <reporter-output>
          </reporter-output>
        </test-method> <!-- setup -->
        <test-method status="PASS" signature="Login()[pri:0, instance:com.testcase.Facebook_LoginTestcase@77caeb3e]" name="Login" duration-ms="1655" started-at="2020-07-01T14:32:09Z" finished-at="2020-07-01T14:32:11Z">
          <reporter-output>
          </reporter-output>
        </test-method> <!-- Login -->
        <test-method status="PASS" signature="teardown()[pri:0, instance:com.testcase.Facebook_LoginTestcase@77caeb3e]" name="teardown" is-config="true" duration-ms="826" started-at="2020-07-01T14:32:11Z" finished-at="2020-07-01T14:32:11Z">
          <reporter-output>
          </reporter-output>
        </test-method> <!-- teardown -->
      </class> <!-- com.testcase.Facebook_LoginTestcase -->
    </test> <!-- Default test -->
  </suite> <!-- Default suite -->
</testng-results>
